[debug] [2020-02-09T15:18:14.692Z] ----------------------------------------------------------------------
[debug] [2020-02-09T15:18:14.695Z] Command:       /usr/local/bin/node /usr/local/bin/firebase deploy
[debug] [2020-02-09T15:18:14.695Z] CLI Version:   7.12.1
[debug] [2020-02-09T15:18:14.695Z] Platform:      darwin
[debug] [2020-02-09T15:18:14.696Z] Node Version:  v10.16.3
[debug] [2020-02-09T15:18:14.697Z] Time:          Sun Feb 09 2020 12:18:14 GMT-0300 (GMT-03:00)
[debug] [2020-02-09T15:18:14.697Z] ----------------------------------------------------------------------
[debug] [2020-02-09T15:18:14.697Z] 
[debug] [2020-02-09T15:18:14.709Z] > command requires scopes: ["email","openid","https://www.googleapis.com/auth/cloudplatformprojects.readonly","https://www.googleapis.com/auth/firebase","https://www.googleapis.com/auth/cloud-platform"]
[debug] [2020-02-09T15:18:14.710Z] > authorizing via signed-in user
[debug] [2020-02-09T15:18:14.710Z] [iam] checking project loginapp-357b2 for permissions ["cloudfunctions.functions.create","cloudfunctions.functions.delete","cloudfunctions.functions.get","cloudfunctions.functions.list","cloudfunctions.functions.update","cloudfunctions.operations.get","datastore.indexes.create","datastore.indexes.delete","datastore.indexes.list","datastore.indexes.update","firebase.projects.get","firebasehosting.sites.update"]
[debug] [2020-02-09T15:18:14.713Z] >>> HTTP REQUEST POST https://cloudresourcemanager.googleapis.com/v1/projects/loginapp-357b2:testIamPermissions  

[debug] [2020-02-09T15:18:15.827Z] <<< HTTP RESPONSE 200
[debug] [2020-02-09T15:18:15.830Z] >>> HTTP REQUEST GET https://firebase.googleapis.com/v1beta1/projects/loginapp-357b2  
 
[debug] [2020-02-09T15:18:16.941Z] <<< HTTP RESPONSE 200
[info] 
[info] === Deploying to 'loginapp-357b2'...
[info] 
[info] i  deploying firestore, functions, hosting
[debug] [2020-02-09T15:18:17.011Z] TypeError [ERR_INVALID_ARG_TYPE]: The "path" argument must be of type string. Received type undefined
    at validateString (internal/validators.js:125:11)
    at Object.join (path.js:1147:7)
    at Config.path (/usr/local/lib/node_modules/firebase-tools/lib/config.js:149:39)
    at getChildEnvironment (/usr/local/lib/node_modules/firebase-tools/lib/deploy/lifecycleHooks.js:50:49)
    at runTargetCommands (/usr/local/lib/node_modules/firebase-tools/lib/deploy/lifecycleHooks.js:71:14)
    at /usr/local/lib/node_modules/firebase-tools/lib/deploy/lifecycleHooks.js:122:24
    at process._tickCallback (internal/process/next_tick.js:68:7)
[error] 
[error] Error: An unexpected error has occurred.
